{"C:\\Users\\olya_\\09-test\\src\\App.jsx": {"path":"C:\\Users\\olya_\\09-test\\src\\App.jsx","statementMap":{"0":{"start":{"line":13,"column":2},"end":{"line":28,"column":4}}},"fnMap":{"0":{"name":"App","decl":{"start":{"line":12,"column":9},"end":{"line":12,"column":12}},"loc":{"start":{"line":12,"column":15},"end":{"line":29,"column":1}},"line":12}},"branchMap":{},"s":{"0":6},"f":{"0":6},"b":{},"_coverageSchema":"1a1c01bbd47fc00a2c39e90264f33305004495a9","hash":"715801f561d8a7eba5e9c99e31afd06aa6ca0c9c"}
,"C:\\Users\\olya_\\09-test\\src\\api.js": {"path":"C:\\Users\\olya_\\09-test\\src\\api.js","statementMap":{"0":{"start":{"line":3,"column":20},"end":{"line":6,"column":1}},"1":{"start":{"line":4,"column":19},"end":{"line":4,"column":66}},"2":{"start":{"line":5,"column":2},"end":{"line":5,"column":31}},"3":{"start":{"line":8,"column":25},"end":{"line":11,"column":1}},"4":{"start":{"line":9,"column":19},"end":{"line":9,"column":58}},"5":{"start":{"line":10,"column":2},"end":{"line":10,"column":31}},"6":{"start":{"line":13,"column":28},"end":{"line":16,"column":1}},"7":{"start":{"line":14,"column":19},"end":{"line":14,"column":67}},"8":{"start":{"line":15,"column":2},"end":{"line":15,"column":31}}},"fnMap":{"0":{"name":"(anonymous_0)","decl":{"start":{"line":3,"column":20},"end":{"line":3,"column":21}},"loc":{"start":{"line":3,"column":38},"end":{"line":6,"column":1}},"line":3},"1":{"name":"(anonymous_1)","decl":{"start":{"line":8,"column":25},"end":{"line":8,"column":26}},"loc":{"start":{"line":8,"column":37},"end":{"line":11,"column":1}},"line":8},"2":{"name":"(anonymous_2)","decl":{"start":{"line":13,"column":28},"end":{"line":13,"column":29}},"loc":{"start":{"line":13,"column":47},"end":{"line":16,"column":1}},"line":13}},"branchMap":{},"s":{"0":3,"1":0,"2":0,"3":3,"4":0,"5":0,"6":3,"7":0,"8":0},"f":{"0":0,"1":0,"2":0},"b":{},"_coverageSchema":"1a1c01bbd47fc00a2c39e90264f33305004495a9","hash":"d0149f2c04998b5cd79f061ed920f696e39b87c9"}
,"C:\\Users\\olya_\\09-test\\src\\config.js": {"path":"C:\\Users\\olya_\\09-test\\src\\config.js","statementMap":{"0":{"start":{"line":1,"column":16},"end":{"line":1,"column":19}},"1":{"start":{"line":3,"column":16},"end":{"line":3,"column":67}}},"fnMap":{},"branchMap":{},"s":{"0":3,"1":3},"f":{},"b":{},"_coverageSchema":"1a1c01bbd47fc00a2c39e90264f33305004495a9","hash":"aa49ade75033edbe76150a9315db5449071f835d"}
,"C:\\Users\\olya_\\09-test\\src\\components\\CategoryItem.jsx": {"path":"C:\\Users\\olya_\\09-test\\src\\components\\CategoryItem.jsx","statementMap":{"0":{"start":{"line":9,"column":6},"end":{"line":9,"column":11}},"1":{"start":{"line":11,"column":2},"end":{"line":26,"column":4}}},"fnMap":{"0":{"name":"CategoryItem","decl":{"start":{"line":3,"column":9},"end":{"line":3,"column":21}},"loc":{"start":{"line":3,"column":29},"end":{"line":27,"column":1}},"line":3}},"branchMap":{},"s":{"0":10,"1":10},"f":{"0":10},"b":{},"_coverageSchema":"1a1c01bbd47fc00a2c39e90264f33305004495a9","hash":"0307d69d230996b3211ca3e8c0f0339312520437"}
,"C:\\Users\\olya_\\09-test\\src\\components\\CategoryList.jsx": {"path":"C:\\Users\\olya_\\09-test\\src\\components\\CategoryList.jsx","statementMap":{"0":{"start":{"line":4,"column":2},"end":{"line":10,"column":4}},"1":{"start":{"line":7,"column":8},"end":{"line":7,"column":52}}},"fnMap":{"0":{"name":"CategoryList","decl":{"start":{"line":3,"column":9},"end":{"line":3,"column":21}},"loc":{"start":{"line":3,"column":40},"end":{"line":11,"column":1}},"line":3},"1":{"name":"(anonymous_1)","decl":{"start":{"line":6,"column":19},"end":{"line":6,"column":20}},"loc":{"start":{"line":7,"column":8},"end":{"line":7,"column":52}},"line":7}},"branchMap":{"0":{"loc":{"start":{"line":3,"column":24},"end":{"line":3,"column":36}},"type":"default-arg","locations":[{"start":{"line":3,"column":34},"end":{"line":3,"column":36}}],"line":3}},"s":{"0":7,"1":9},"f":{"0":7,"1":9},"b":{"0":[1]},"_coverageSchema":"1a1c01bbd47fc00a2c39e90264f33305004495a9","hash":"28db8ad4a524c470458348a998ddd223412570b2"}
,"C:\\Users\\olya_\\09-test\\src\\components\\Footer.jsx": {"path":"C:\\Users\\olya_\\09-test\\src\\components\\Footer.jsx","statementMap":{"0":{"start":{"line":2,"column":2},"end":{"line":18,"column":4}}},"fnMap":{"0":{"name":"Footer","decl":{"start":{"line":1,"column":9},"end":{"line":1,"column":15}},"loc":{"start":{"line":1,"column":18},"end":{"line":19,"column":1}},"line":1}},"branchMap":{},"s":{"0":7},"f":{"0":7},"b":{},"_coverageSchema":"1a1c01bbd47fc00a2c39e90264f33305004495a9","hash":"e4aaab4fedfa61b8e9812968222e62cfada3c564"}
,"C:\\Users\\olya_\\09-test\\src\\components\\Header.jsx": {"path":"C:\\Users\\olya_\\09-test\\src\\components\\Header.jsx","statementMap":{"0":{"start":{"line":4,"column":2},"end":{"line":20,"column":4}}},"fnMap":{"0":{"name":"Header","decl":{"start":{"line":3,"column":9},"end":{"line":3,"column":15}},"loc":{"start":{"line":3,"column":18},"end":{"line":21,"column":1}},"line":3}},"branchMap":{},"s":{"0":7},"f":{"0":7},"b":{},"_coverageSchema":"1a1c01bbd47fc00a2c39e90264f33305004495a9","hash":"e61fff45f19b36735f740bd57d6c4ea68272e670"}
,"C:\\Users\\olya_\\09-test\\src\\components\\Meal.jsx": {"path":"C:\\Users\\olya_\\09-test\\src\\components\\Meal.jsx","statementMap":{"0":{"start":{"line":4,"column":44},"end":{"line":4,"column":49}},"1":{"start":{"line":6,"column":2},"end":{"line":20,"column":4}}},"fnMap":{"0":{"name":"Meal","decl":{"start":{"line":3,"column":9},"end":{"line":3,"column":13}},"loc":{"start":{"line":3,"column":21},"end":{"line":21,"column":1}},"line":3}},"branchMap":{},"s":{"0":6,"1":6},"f":{"0":6},"b":{},"_coverageSchema":"1a1c01bbd47fc00a2c39e90264f33305004495a9","hash":"5780e4b6b9e4d05e3e072d2fe7a25b141f03358b"}
,"C:\\Users\\olya_\\09-test\\src\\components\\MealList.jsx": {"path":"C:\\Users\\olya_\\09-test\\src\\components\\MealList.jsx","statementMap":{"0":{"start":{"line":4,"column":2},"end":{"line":10,"column":4}},"1":{"start":{"line":7,"column":8},"end":{"line":7,"column":44}}},"fnMap":{"0":{"name":"MealList","decl":{"start":{"line":3,"column":9},"end":{"line":3,"column":17}},"loc":{"start":{"line":3,"column":29},"end":{"line":11,"column":1}},"line":3},"1":{"name":"(anonymous_1)","decl":{"start":{"line":6,"column":17},"end":{"line":6,"column":18}},"loc":{"start":{"line":7,"column":8},"end":{"line":7,"column":44}},"line":7}},"branchMap":{},"s":{"0":3,"1":5},"f":{"0":3,"1":5},"b":{},"_coverageSchema":"1a1c01bbd47fc00a2c39e90264f33305004495a9","hash":"df220058d632bd59aba6cce2c8a30d1578faa9e8"}
,"C:\\Users\\olya_\\09-test\\src\\components\\Preloader.jsx": {"path":"C:\\Users\\olya_\\09-test\\src\\components\\Preloader.jsx","statementMap":{"0":{"start":{"line":2,"column":2},"end":{"line":6,"column":4}}},"fnMap":{"0":{"name":"Preloader","decl":{"start":{"line":1,"column":9},"end":{"line":1,"column":18}},"loc":{"start":{"line":1,"column":21},"end":{"line":7,"column":1}},"line":1}},"branchMap":{},"s":{"0":8},"f":{"0":8},"b":{},"_coverageSchema":"1a1c01bbd47fc00a2c39e90264f33305004495a9","hash":"411c42fb5bb3c3c026a6e6935f3e1cd2667617a9"}
,"C:\\Users\\olya_\\09-test\\src\\components\\Search.jsx": {"path":"C:\\Users\\olya_\\09-test\\src\\components\\Search.jsx","statementMap":{"0":{"start":{"line":4,"column":28},"end":{"line":4,"column":40}},"1":{"start":{"line":6,"column":20},"end":{"line":10,"column":3}},"2":{"start":{"line":7,"column":4},"end":{"line":9,"column":5}},"3":{"start":{"line":8,"column":6},"end":{"line":8,"column":21}},"4":{"start":{"line":12,"column":23},"end":{"line":14,"column":3}},"5":{"start":{"line":13,"column":4},"end":{"line":13,"column":14}},"6":{"start":{"line":16,"column":2},"end":{"line":40,"column":4}},"7":{"start":{"line":24,"column":27},"end":{"line":24,"column":51}}},"fnMap":{"0":{"name":"Search","decl":{"start":{"line":3,"column":9},"end":{"line":3,"column":15}},"loc":{"start":{"line":3,"column":45},"end":{"line":41,"column":1}},"line":3},"1":{"name":"(anonymous_1)","decl":{"start":{"line":6,"column":20},"end":{"line":6,"column":21}},"loc":{"start":{"line":6,"column":27},"end":{"line":10,"column":3}},"line":6},"2":{"name":"(anonymous_2)","decl":{"start":{"line":12,"column":23},"end":{"line":12,"column":24}},"loc":{"start":{"line":12,"column":29},"end":{"line":14,"column":3}},"line":12},"3":{"name":"(anonymous_3)","decl":{"start":{"line":24,"column":20},"end":{"line":24,"column":21}},"loc":{"start":{"line":24,"column":27},"end":{"line":24,"column":51}},"line":24}},"branchMap":{"0":{"loc":{"start":{"line":3,"column":18},"end":{"line":3,"column":41}},"type":"default-arg","locations":[{"start":{"line":3,"column":23},"end":{"line":3,"column":41}}],"line":3},"1":{"loc":{"start":{"line":7,"column":4},"end":{"line":9,"column":5}},"type":"if","locations":[{"start":{"line":7,"column":4},"end":{"line":9,"column":5}},{"start":{},"end":{}}],"line":7}},"s":{"0":46,"1":46,"2":35,"3":1,"4":46,"5":3,"6":46,"7":34},"f":{"0":46,"1":35,"2":3,"3":34},"b":{"0":[12],"1":[1,34]},"_coverageSchema":"1a1c01bbd47fc00a2c39e90264f33305004495a9","hash":"a26e55c31e9810194f0dc2034773608fb6a1633e"}
,"C:\\Users\\olya_\\09-test\\src\\pages\\About.jsx": {"path":"C:\\Users\\olya_\\09-test\\src\\pages\\About.jsx","statementMap":{"0":{"start":{"line":2,"column":2},"end":{"line":2,"column":41}}},"fnMap":{"0":{"name":"About","decl":{"start":{"line":1,"column":9},"end":{"line":1,"column":14}},"loc":{"start":{"line":1,"column":17},"end":{"line":3,"column":1}},"line":1}},"branchMap":{},"s":{"0":0},"f":{"0":0},"b":{}}
,"C:\\Users\\olya_\\09-test\\src\\pages\\Category.jsx": {"path":"C:\\Users\\olya_\\09-test\\src\\pages\\Category.jsx","statementMap":{"0":{"start":{"line":9,"column":19},"end":{"line":9,"column":30}},"1":{"start":{"line":10,"column":28},"end":{"line":10,"column":40}},"2":{"start":{"line":11,"column":19},"end":{"line":11,"column":32}},"3":{"start":{"line":13,"column":2},"end":{"line":15,"column":13}},"4":{"start":{"line":14,"column":4},"end":{"line":14,"column":67}},"5":{"start":{"line":14,"column":45},"end":{"line":14,"column":65}},"6":{"start":{"line":17,"column":2},"end":{"line":25,"column":4}},"7":{"start":{"line":19,"column":45},"end":{"line":19,"column":57}}},"fnMap":{"0":{"name":"Category","decl":{"start":{"line":8,"column":9},"end":{"line":8,"column":17}},"loc":{"start":{"line":8,"column":20},"end":{"line":26,"column":1}},"line":8},"1":{"name":"(anonymous_1)","decl":{"start":{"line":13,"column":12},"end":{"line":13,"column":13}},"loc":{"start":{"line":13,"column":18},"end":{"line":15,"column":3}},"line":13},"2":{"name":"(anonymous_2)","decl":{"start":{"line":14,"column":35},"end":{"line":14,"column":36}},"loc":{"start":{"line":14,"column":45},"end":{"line":14,"column":65}},"line":14},"3":{"name":"(anonymous_3)","decl":{"start":{"line":19,"column":39},"end":{"line":19,"column":40}},"loc":{"start":{"line":19,"column":45},"end":{"line":19,"column":57}},"line":19}},"branchMap":{"0":{"loc":{"start":{"line":23,"column":7},"end":{"line":23,"column":65}},"type":"cond-expr","locations":[{"start":{"line":23,"column":23},"end":{"line":23,"column":36}},{"start":{"line":23,"column":39},"end":{"line":23,"column":65}}],"line":23}},"s":{"0":4,"1":4,"2":4,"3":4,"4":2,"5":2,"6":4,"7":1},"f":{"0":4,"1":2,"2":2,"3":1},"b":{"0":[2,2]},"_coverageSchema":"1a1c01bbd47fc00a2c39e90264f33305004495a9","hash":"97e6115bfba1137b42957acbedee508c802a1c4a"}
,"C:\\Users\\olya_\\09-test\\src\\pages\\Contact.jsx": {"path":"C:\\Users\\olya_\\09-test\\src\\pages\\Contact.jsx","statementMap":{"0":{"start":{"line":2,"column":2},"end":{"line":2,"column":43}}},"fnMap":{"0":{"name":"Contact","decl":{"start":{"line":1,"column":9},"end":{"line":1,"column":16}},"loc":{"start":{"line":1,"column":19},"end":{"line":3,"column":1}},"line":1}},"branchMap":{},"s":{"0":0},"f":{"0":0},"b":{}}
,"C:\\Users\\olya_\\09-test\\src\\pages\\Home.jsx": {"path":"C:\\Users\\olya_\\09-test\\src\\pages\\Home.jsx","statementMap":{"0":{"start":{"line":9,"column":32},"end":{"line":9,"column":44}},"1":{"start":{"line":10,"column":48},"end":{"line":10,"column":60}},"2":{"start":{"line":12,"column":31},"end":{"line":12,"column":44}},"3":{"start":{"line":13,"column":19},"end":{"line":13,"column":32}},"4":{"start":{"line":15,"column":23},"end":{"line":25,"column":3}},"5":{"start":{"line":16,"column":4},"end":{"line":20,"column":6}},"6":{"start":{"line":18,"column":8},"end":{"line":18,"column":66}},"7":{"start":{"line":21,"column":4},"end":{"line":24,"column":7}},"8":{"start":{"line":27,"column":2},"end":{"line":40,"column":15}},"9":{"start":{"line":28,"column":4},"end":{"line":39,"column":7}},"10":{"start":{"line":29,"column":6},"end":{"line":29,"column":34}},"11":{"start":{"line":30,"column":6},"end":{"line":38,"column":8}},"12":{"start":{"line":33,"column":14},"end":{"line":35,"column":61}},"13":{"start":{"line":42,"column":2},"end":{"line":51,"column":4}}},"fnMap":{"0":{"name":"Home","decl":{"start":{"line":8,"column":9},"end":{"line":8,"column":13}},"loc":{"start":{"line":8,"column":16},"end":{"line":52,"column":1}},"line":8},"1":{"name":"(anonymous_1)","decl":{"start":{"line":15,"column":23},"end":{"line":15,"column":24}},"loc":{"start":{"line":15,"column":32},"end":{"line":25,"column":3}},"line":15},"2":{"name":"(anonymous_2)","decl":{"start":{"line":17,"column":21},"end":{"line":17,"column":22}},"loc":{"start":{"line":18,"column":8},"end":{"line":18,"column":66}},"line":18},"3":{"name":"(anonymous_3)","decl":{"start":{"line":27,"column":12},"end":{"line":27,"column":13}},"loc":{"start":{"line":27,"column":18},"end":{"line":40,"column":3}},"line":27},"4":{"name":"(anonymous_4)","decl":{"start":{"line":28,"column":28},"end":{"line":28,"column":29}},"loc":{"start":{"line":28,"column":38},"end":{"line":39,"column":5}},"line":28},"5":{"name":"(anonymous_5)","decl":{"start":{"line":32,"column":35},"end":{"line":32,"column":36}},"loc":{"start":{"line":33,"column":14},"end":{"line":35,"column":61}},"line":33}},"branchMap":{"0":{"loc":{"start":{"line":31,"column":8},"end":{"line":37,"column":27}},"type":"cond-expr","locations":[{"start":{"line":32,"column":12},"end":{"line":36,"column":13}},{"start":{"line":37,"column":12},"end":{"line":37,"column":27}}],"line":31},"1":{"loc":{"start":{"line":45,"column":7},"end":{"line":49,"column":7}},"type":"cond-expr","locations":[{"start":{"line":46,"column":8},"end":{"line":46,"column":21}},{"start":{"line":48,"column":8},"end":{"line":48,"column":50}}],"line":45}},"s":{"0":8,"1":8,"2":8,"3":8,"4":8,"5":1,"6":2,"7":1,"8":8,"9":4,"10":4,"11":4,"12":4,"13":8},"f":{"0":8,"1":1,"2":2,"3":4,"4":4,"5":4},"b":{"0":[2,2],"1":[3,5]},"_coverageSchema":"1a1c01bbd47fc00a2c39e90264f33305004495a9","hash":"3f354037e2b8928c91b42af6f2eb44c32881cb7c"}
,"C:\\Users\\olya_\\09-test\\src\\pages\\NotFound.jsx": {"path":"C:\\Users\\olya_\\09-test\\src\\pages\\NotFound.jsx","statementMap":{"0":{"start":{"line":2,"column":2},"end":{"line":2,"column":33}}},"fnMap":{"0":{"name":"NotFound","decl":{"start":{"line":1,"column":9},"end":{"line":1,"column":17}},"loc":{"start":{"line":1,"column":20},"end":{"line":3,"column":1}},"line":1}},"branchMap":{},"s":{"0":0},"f":{"0":0},"b":{}}
,"C:\\Users\\olya_\\09-test\\src\\pages\\Recipe.jsx": {"path":"C:\\Users\\olya_\\09-test\\src\\pages\\Recipe.jsx","statementMap":{"0":{"start":{"line":7,"column":30},"end":{"line":7,"column":42}},"1":{"start":{"line":8,"column":17},"end":{"line":8,"column":28}},"2":{"start":{"line":9,"column":19},"end":{"line":9,"column":32}},"3":{"start":{"line":11,"column":2},"end":{"line":13,"column":11}},"4":{"start":{"line":12,"column":4},"end":{"line":12,"column":61}},"5":{"start":{"line":12,"column":35},"end":{"line":12,"column":59}},"6":{"start":{"line":15,"column":2},"end":{"line":72,"column":4}},"7":{"start":{"line":36,"column":16},"end":{"line":43,"column":17}},"8":{"start":{"line":37,"column":18},"end":{"line":42,"column":20}},"9":{"start":{"line":44,"column":16},"end":{"line":44,"column":28}},"10":{"start":{"line":66,"column":10},"end":{"line":66,"column":23}}},"fnMap":{"0":{"name":"Recipe","decl":{"start":{"line":6,"column":9},"end":{"line":6,"column":15}},"loc":{"start":{"line":6,"column":18},"end":{"line":73,"column":1}},"line":6},"1":{"name":"(anonymous_1)","decl":{"start":{"line":11,"column":12},"end":{"line":11,"column":13}},"loc":{"start":{"line":11,"column":18},"end":{"line":13,"column":3}},"line":11},"2":{"name":"(anonymous_2)","decl":{"start":{"line":12,"column":25},"end":{"line":12,"column":26}},"loc":{"start":{"line":12,"column":35},"end":{"line":12,"column":59}},"line":12},"3":{"name":"(anonymous_3)","decl":{"start":{"line":35,"column":39},"end":{"line":35,"column":40}},"loc":{"start":{"line":35,"column":48},"end":{"line":45,"column":15}},"line":35},"4":{"name":"(anonymous_4)","decl":{"start":{"line":65,"column":17},"end":{"line":65,"column":18}},"loc":{"start":{"line":65,"column":23},"end":{"line":67,"column":9}},"line":65}},"branchMap":{"0":{"loc":{"start":{"line":17,"column":7},"end":{"line":62,"column":7}},"type":"cond-expr","locations":[{"start":{"line":18,"column":8},"end":{"line":18,"column":21}},{"start":{"line":20,"column":8},"end":{"line":61,"column":14}}],"line":17},"1":{"loc":{"start":{"line":24,"column":11},"end":{"line":24,"column":66}},"type":"cond-expr","locations":[{"start":{"line":24,"column":28},"end":{"line":24,"column":59}},{"start":{"line":24,"column":62},"end":{"line":24,"column":66}}],"line":24},"2":{"loc":{"start":{"line":36,"column":16},"end":{"line":43,"column":17}},"type":"if","locations":[{"start":{"line":36,"column":16},"end":{"line":43,"column":17}},{"start":{},"end":{}}],"line":36},"3":{"loc":{"start":{"line":36,"column":20},"end":{"line":36,"column":61}},"type":"binary-expr","locations":[{"start":{"line":36,"column":20},"end":{"line":36,"column":46}},{"start":{"line":36,"column":50},"end":{"line":36,"column":61}}],"line":36},"4":{"loc":{"start":{"line":49,"column":11},"end":{"line":60,"column":18}},"type":"cond-expr","locations":[{"start":{"line":50,"column":12},"end":{"line":59,"column":18}},{"start":{"line":60,"column":14},"end":{"line":60,"column":18}}],"line":49}},"s":{"0":4,"1":4,"2":4,"3":4,"4":2,"5":2,"6":4,"7":18,"8":0,"9":18,"10":1},"f":{"0":4,"1":2,"2":2,"3":18,"4":1},"b":{"0":[2,2],"1":[2,0],"2":[0,18],"3":[18,0],"4":[2,0]},"_coverageSchema":"1a1c01bbd47fc00a2c39e90264f33305004495a9","hash":"5dfa933f69fc7c1b7d66eccd31f21280b8c17e0a"}
,"C:\\Users\\olya_\\09-test\\src\\utils\\testing.js": {"path":"C:\\Users\\olya_\\09-test\\src\\utils\\testing.js","statementMap":{"0":{"start":{"line":4,"column":32},"end":{"line":9,"column":1}},"1":{"start":{"line":5,"column":18},"end":{"line":7,"column":3}},"2":{"start":{"line":6,"column":4},"end":{"line":6,"column":56}},"3":{"start":{"line":8,"column":2},"end":{"line":8,"column":49}}},"fnMap":{"0":{"name":"(anonymous_0)","decl":{"start":{"line":4,"column":32},"end":{"line":4,"column":33}},"loc":{"start":{"line":4,"column":61},"end":{"line":9,"column":1}},"line":4},"1":{"name":"(anonymous_1)","decl":{"start":{"line":5,"column":18},"end":{"line":5,"column":19}},"loc":{"start":{"line":6,"column":4},"end":{"line":6,"column":56}},"line":6}},"branchMap":{"0":{"loc":{"start":{"line":4,"column":44},"end":{"line":4,"column":56}},"type":"default-arg","locations":[{"start":{"line":4,"column":54},"end":{"line":4,"column":56}}],"line":4}},"s":{"0":9,"1":19,"2":19,"3":19},"f":{"0":19,"1":19},"b":{"0":[12]},"_coverageSchema":"1a1c01bbd47fc00a2c39e90264f33305004495a9","hash":"dd54f88b840510b39164cf29028888f3e3938fb2"}
}
